11:05:18.328 request:
1 > POST http://127.0.0.1:52314/cats
1 > Accept-Encoding: gzip,deflate
1 > Connection: Keep-Alive
1 > Content-Length: 17
1 > Content-Type: application/json; charset=UTF-8
1 > Host: 127.0.0.1:52314
1 > User-Agent: Apache-HttpClient/4.5.5 (Java/1.8.0_181)
{"name":"Billie"}

11:05:18.364 response time in milliseconds: 34.99
1 < 200
1 < Content-Type: application/json
{"name":"Billie","id":0}

11:05:18.366 request:
2 > GET http://127.0.0.1:52314/cats/0
2 > Accept-Encoding: gzip,deflate
2 > Connection: Keep-Alive
2 > Host: 127.0.0.1:52314
2 > User-Agent: Apache-HttpClient/4.5.5 (Java/1.8.0_181)

11:05:18.399 response time in milliseconds: 32.32
2 < 200
2 < Content-Type: application/json
{"name":"Billie","id":0}

11:05:18.401 request:
3 > PUT http://127.0.0.1:52314/cats/0
3 > Accept-Encoding: gzip,deflate
3 > Connection: Keep-Alive
3 > Content-Length: 29
3 > Content-Type: application/json; charset=UTF-8
3 > Host: 127.0.0.1:52314
3 > User-Agent: Apache-HttpClient/4.5.5 (Java/1.8.0_181)
{"id":0,"name":"Billie Edit"}

11:05:18.414 response time in milliseconds: 12.38
3 < 200
3 < Content-Type: application/json
{"id":0,"name":"Billie Edit"}

