11:05:18.498 request:
1 > POST http://127.0.0.1:52314/cats
1 > Accept-Encoding: gzip,deflate
1 > Connection: Keep-Alive
1 > Content-Length: 17
1 > Content-Type: application/json; charset=UTF-8
1 > Host: 127.0.0.1:52314
1 > User-Agent: Apache-HttpClient/4.5.5 (Java/1.8.0_181)
{
  "name": "Billie"
}


11:05:18.506 response time in milliseconds: 7.91
1 < 200
1 < Content-Type: application/json
{
  "name": "Billie",
  "id": 2
}


11:05:18.509 request:
2 > GET http://127.0.0.1:52314/cats/2
2 > Accept-Encoding: gzip,deflate
2 > Connection: Keep-Alive
2 > Host: 127.0.0.1:52314
2 > User-Agent: Apache-HttpClient/4.5.5 (Java/1.8.0_181)

11:05:18.517 response time in milliseconds: 7.45
2 < 200
2 < Content-Type: application/json
{
  "name": "Billie",
  "id": 2
}


11:05:18.521 request:
3 > GET http://127.0.0.1:52314/cats
3 > Accept-Encoding: gzip,deflate
3 > Connection: Keep-Alive
3 > Host: 127.0.0.1:52314
3 > User-Agent: Apache-HttpClient/4.5.5 (Java/1.8.0_181)

11:05:18.529 response time in milliseconds: 7.11
3 < 200
3 < Content-Type: application/json
[
  {
    "id": 0,
    "name": "Billie Edit"
  },
  {
    "id": 1,
    "name": "Billie"
  },
  {
    "name": "Billie",
    "id": 2
  }
]


11:05:18.534 request:
4 > GET http://127.0.0.1:52314/cats/2
4 > Accept: application/xml
4 > Accept-Encoding: gzip,deflate
4 > Connection: Keep-Alive
4 > Host: 127.0.0.1:52314
4 > User-Agent: Apache-HttpClient/4.5.5 (Java/1.8.0_181)

11:05:18.546 response time in milliseconds: 9.73
4 < 200
4 < Content-Type: application/xml
<cat>
  <id>2</id>
  <name>Billie</name>
</cat>


