11:05:18.430 request:
1 > POST http://127.0.0.1:52314/cats
1 > Accept: application/xml
1 > Accept-Encoding: gzip,deflate
1 > Connection: Keep-Alive
1 > Content-Length: 30
1 > Content-Type: application/xml; charset=UTF-8
1 > Host: 127.0.0.1:52314
1 > User-Agent: Apache-HttpClient/4.5.5 (Java/1.8.0_181)
<cat>
  <name>Billie</name>
</cat>


11:05:18.452 response time in milliseconds: 19.52
1 < 200
1 < Content-Type: application/xml
<cat>
  <name>Billie</name>
  <id>1</id>
</cat>


11:05:18.460 request:
2 > GET http://127.0.0.1:52314/cats/1
2 > Accept: application/xml
2 > Accept-Encoding: gzip,deflate
2 > Connection: Keep-Alive
2 > Host: 127.0.0.1:52314
2 > User-Agent: Apache-HttpClient/4.5.5 (Java/1.8.0_181)

11:05:18.476 response time in milliseconds: 14.48
2 < 200
2 < Content-Type: application/xml
<cat>
  <id>1</id>
  <name>Billie</name>
</cat>


