11:05:19.481 request:
1 > POST https://127.0.0.1:52330/cats
1 > Accept-Encoding: gzip,deflate
1 > Connection: Keep-Alive
1 > Content-Length: 14
1 > Content-Type: application/json; charset=UTF-8
1 > Host: 127.0.0.1:52330
1 > User-Agent: Apache-HttpClient/4.5.5 (Java/1.8.0_181)
{"name":"Bob"}

11:05:19.509 response time in milliseconds: 27.63
1 < 200
1 < Content-Type: application/json
{"name":"Bob","id":3}

11:05:19.514 [print] bob: {
  "name": "Bob",
  "id": 3
}

11:05:19.515 request:
2 > POST https://127.0.0.1:52330/cats
2 > Accept-Encoding: gzip,deflate
2 > Connection: Keep-Alive
2 > Content-Length: 15
2 > Content-Type: application/json; charset=UTF-8
2 > Host: 127.0.0.1:52330
2 > User-Agent: Apache-HttpClient/4.5.5 (Java/1.8.0_181)
{"name":"Wild"}

11:05:19.529 response time in milliseconds: 12.66
2 < 200
2 < Content-Type: application/json
{"name":"Wild","id":4}

11:05:19.533 [print] wild: {
  "name": "Wild",
  "id": 4
}

11:05:19.539 request:
3 > POST https://127.0.0.1:52330/cats
3 > Accept-Encoding: gzip,deflate
3 > Connection: Keep-Alive
3 > Content-Length: 74
3 > Content-Type: application/json; charset=UTF-8
3 > Host: 127.0.0.1:52330
3 > User-Agent: Apache-HttpClient/4.5.5 (Java/1.8.0_181)
{"name":"Billie","kittens":[{"name":"Bob","id":3},{"name":"Wild","id":4}]}

11:05:19.553 response time in milliseconds: 13.15
3 < 200
3 < Content-Type: application/json
{"name":"Billie","kittens":[{"name":"Bob","id":3},{"name":"Wild","id":4}],"id":5}

11:05:19.569 request:
4 > GET https://127.0.0.1:52330/cats/5/kittens
4 > Accept-Encoding: gzip,deflate
4 > Connection: Keep-Alive
4 > Host: 127.0.0.1:52330
4 > User-Agent: Apache-HttpClient/4.5.5 (Java/1.8.0_181)

11:05:19.592 response time in milliseconds: 21.64
4 < 200
4 < Content-Type: application/json
[{"name":"Bob","id":3},{"name":"Wild","id":4}]

