11:05:19.383 request:
1 > POST https://127.0.0.1:52330/cats
1 > Accept-Encoding: gzip,deflate
1 > Connection: Keep-Alive
1 > Content-Length: 17
1 > Content-Type: application/json; charset=UTF-8
1 > Host: 127.0.0.1:52330
1 > User-Agent: Apache-HttpClient/4.5.5 (Java/1.8.0_181)
{
  "name": "Billie"
}


11:05:19.408 response time in milliseconds: 24.98
1 < 200
1 < Content-Type: application/json
{
  "name": "Billie",
  "id": 2
}


11:05:19.410 request:
2 > GET https://127.0.0.1:52330/cats/2
2 > Accept-Encoding: gzip,deflate
2 > Connection: Keep-Alive
2 > Host: 127.0.0.1:52330
2 > User-Agent: Apache-HttpClient/4.5.5 (Java/1.8.0_181)

11:05:19.424 response time in milliseconds: 13.47
2 < 200
2 < Content-Type: application/json
{
  "name": "Billie",
  "id": 2
}


11:05:19.426 request:
3 > GET https://127.0.0.1:52330/cats
3 > Accept-Encoding: gzip,deflate
3 > Connection: Keep-Alive
3 > Host: 127.0.0.1:52330
3 > User-Agent: Apache-HttpClient/4.5.5 (Java/1.8.0_181)

11:05:19.442 response time in milliseconds: 13.39
3 < 200
3 < Content-Type: application/json
[
  {
    "id": 0,
    "name": "Billie Edit"
  },
  {
    "id": 1,
    "name": "Billie"
  },
  {
    "name": "Billie",
    "id": 2
  }
]


11:05:19.445 request:
4 > GET https://127.0.0.1:52330/cats/2
4 > Accept: application/xml
4 > Accept-Encoding: gzip,deflate
4 > Connection: Keep-Alive
4 > Host: 127.0.0.1:52330
4 > User-Agent: Apache-HttpClient/4.5.5 (Java/1.8.0_181)

11:05:19.463 response time in milliseconds: 15.26
4 < 200
4 < Content-Type: application/xml
<cat>
  <id>2</id>
  <name>Billie</name>
</cat>


