11:05:00.145 request:
1 > POST http://127.0.0.1:51918/cats
1 > Accept: application/xml
1 > Accept-Encoding: gzip,deflate
1 > Connection: Keep-Alive
1 > Content-Length: 27
1 > Content-Type: application/xml; charset=UTF-8
1 > Host: 127.0.0.1:51918
1 > User-Agent: Apache-HttpClient/4.5.5 (Java/1.8.0_181)
<cat><name>Tom</name></cat>

11:05:00.152 response time in milliseconds: 4.99
1 < 200
1 < Cache-Control: no-cache, no-store, max-age=0, must-revalidate
1 < Content-Type: application/xml
1 < Date: Tue, 09 Apr 2019 14:04:59 GMT
1 < Expires: 0
1 < Pragma: no-cache
1 < Transfer-Encoding: chunked
1 < X-Content-Type-Options: nosniff
1 < X-Frame-Options: DENY
1 < X-XSS-Protection: 1; mode=block
<?xml version="1.0" encoding="UTF-8" standalone="yes"?><cat><id>39</id><name>Tom</name></cat>

