11:04:58.368 request:
1 > GET http://127.0.0.1:51918/headers
1 > Accept-Encoding: gzip,deflate
1 > Connection: Keep-Alive
1 > Host: 127.0.0.1:51918
1 > User-Agent: Apache-HttpClient/4.5.5 (Java/1.8.0_181)

11:04:58.374 response time in milliseconds: 4.53
1 < 200
1 < Cache-Control: no-cache, no-store, max-age=0, must-revalidate
1 < Content-Length: 36
1 < Content-Type: text/plain;charset=UTF-8
1 < Date: Tue, 09 Apr 2019 14:04:58 GMT
1 < Expires: 0
1 < Pragma: no-cache
1 < Set-Cookie: time=1554818698371
1 < X-Content-Type-Options: nosniff
1 < X-Frame-Options: DENY
1 < X-XSS-Protection: 1; mode=block
f77a5260-f5ad-475e-a436-fffc0680ec36

11:04:58.386 request:
2 > GET http://127.0.0.1:51918/headers/f77a5260-f5ad-475e-a436-fffc0680ec36?url=http%3A%2F%2F127.0.0.1%3A51918
2 > Accept-Encoding: gzip,deflate
2 > Authorization: f77a5260-f5ad-475e-a436-fffc0680ec361554818698371http://127.0.0.1:51918
2 > Connection: Keep-Alive
2 > Cookie: time=1554818698371
2 > Host: 127.0.0.1:51918
2 > User-Agent: Apache-HttpClient/4.5.5 (Java/1.8.0_181)
2 > request_id: f55dbc97-662f-44df-b790-1d1492dfcc61

11:04:58.395 response time in milliseconds: 7.90
2 < 200
2 < Cache-Control: no-cache, no-store, max-age=0, must-revalidate
2 < Content-Length: 0
2 < Date: Tue, 09 Apr 2019 14:04:58 GMT
2 < Expires: 0
2 < Pragma: no-cache
2 < X-Content-Type-Options: nosniff
2 < X-Frame-Options: DENY
2 < X-XSS-Protection: 1; mode=block

