11:05:00.150 request:
1 > POST http://127.0.0.1:51918/files/multiple
1 > Accept-Encoding: gzip,deflate
1 > Connection: Keep-Alive
1 > Content-Length: 13633
1 > Content-Type: multipart/form-data; boundary=IKtbxdP3D1SBUvxIBqBGdg_QxVwlYYJXkUmPsCW
1 > Host: 127.0.0.1:51918
1 > User-Agent: Apache-HttpClient/4.5.5 (Java/1.8.0_181)

11:05:00.173 response time in milliseconds: 21.58
1 < 200
1 < Cache-Control: no-cache, no-store, max-age=0, must-revalidate
1 < Content-Type: application/json;charset=UTF-8
1 < Date: Tue, 09 Apr 2019 14:04:59 GMT
1 < Expires: 0
1 < Pragma: no-cache
1 < Transfer-Encoding: chunked
1 < X-Content-Type-Options: nosniff
1 < X-Frame-Options: DENY
1 < X-XSS-Protection: 1; mode=block
[{"id":"73bc1179-a62d-4195-aa0c-8c13734aed58","filename":"upload-name1.pdf","message":"hello world","contentType":"application/pdf"},{"id":"c25fa50c-e871-4a15-80b9-c7a357becd6c","filename":"upload-name2.pdf","message":"hello world","contentType":"application/pdf"}]

11:05:00.193 request:
2 > GET http://127.0.0.1:51918/files/73bc1179-a62d-4195-aa0c-8c13734aed58
2 > Accept-Encoding: gzip,deflate
2 > Connection: Keep-Alive
2 > Host: 127.0.0.1:51918
2 > User-Agent: Apache-HttpClient/4.5.5 (Java/1.8.0_181)

11:05:00.255 response time in milliseconds: 60.89
2 < 200
2 < Cache-Control: no-cache, no-store, max-age=0, must-revalidate
2 < Content-Disposition: attachment; filename="upload-name1.pdf"
2 < Content-Length: 6514
2 < Content-Type: application/pdf
2 < Date: Tue, 09 Apr 2019 14:04:59 GMT
2 < Expires: 0
2 < Pragma: no-cache
2 < X-Content-Type-Options: nosniff
2 < X-Frame-Options: DENY
2 < X-XSS-Protection: 1; mode=block

11:05:00.274 request:
3 > GET http://127.0.0.1:51918/files/c25fa50c-e871-4a15-80b9-c7a357becd6c
3 > Accept-Encoding: gzip,deflate
3 > Connection: Keep-Alive
3 > Host: 127.0.0.1:51918
3 > User-Agent: Apache-HttpClient/4.5.5 (Java/1.8.0_181)

11:05:00.281 response time in milliseconds: 6.24
3 < 200
3 < Cache-Control: no-cache, no-store, max-age=0, must-revalidate
3 < Content-Disposition: attachment; filename="upload-name2.pdf"
3 < Content-Length: 6514
3 < Content-Type: application/pdf
3 < Date: Tue, 09 Apr 2019 14:04:59 GMT
3 < Expires: 0
3 < Pragma: no-cache
3 < X-Content-Type-Options: nosniff
3 < X-Frame-Options: DENY
3 < X-XSS-Protection: 1; mode=block

