11:04:59.643 >> lock acquired, begin callonce: read('common.feature')
11:04:59.672 << lock released, cached callonce: read('common.feature')
11:04:59.676 request:
1 > GET http://127.0.0.1:51918/headers/a259261b-2ff9-42e7-bcde-642069864110?url=http%3A%2F%2F127.0.0.1%3A51918
1 > Accept-Encoding: gzip,deflate
1 > Connection: Keep-Alive
1 > Host: 127.0.0.1:51918
1 > User-Agent: Apache-HttpClient/4.5.5 (Java/1.8.0_181)

11:04:59.684 response time in milliseconds: 7.11
1 < 400
1 < Cache-Control: no-cache, no-store, max-age=0, must-revalidate
1 < Connection: close
1 < Content-Type: application/json;charset=UTF-8
1 < Date: Tue, 09 Apr 2019 14:04:59 GMT
1 < Expires: 0
1 < Pragma: no-cache
1 < Transfer-Encoding: chunked
1 < X-Content-Type-Options: nosniff
1 < X-Frame-Options: DENY
1 < X-XSS-Protection: 1; mode=block
{"timestamp":1554818699681,"status":400,"error":"Bad Request","exception":"org.springframework.web.bind.ServletRequestBindingException","message":"Missing cookie 'time' for method parameter of type String","path":"/headers/a259261b-2ff9-42e7-bcde-642069864110"}


