11:04:59.620 request:
1 > GET http://127.0.0.1:51918/headers/2efdcc78-6715-4568-b923-93294bad38c8?url=http%3A%2F%2F127.0.0.1%3A51918
1 > Accept-Encoding: gzip,deflate
1 > Authorization: 2efdcc78-6715-4568-b923-93294bad38c81554818699410http://127.0.0.1:51918
1 > Connection: Keep-Alive
1 > Cookie: time=1554818699410
1 > Host: 127.0.0.1:51918
1 > User-Agent: Apache-HttpClient/4.5.5 (Java/1.8.0_181)
1 > request_id: 72ad27a4-5ca4-4f71-b1dc-07040824eb1e

11:04:59.625 response time in milliseconds: 4.03
1 < 200
1 < Cache-Control: no-cache, no-store, max-age=0, must-revalidate
1 < Content-Length: 0
1 < Date: Tue, 09 Apr 2019 14:04:59 GMT
1 < Expires: 0
1 < Pragma: no-cache
1 < X-Content-Type-Options: nosniff
1 < X-Frame-Options: DENY
1 < X-XSS-Protection: 1; mode=block


1 < X-Content-Type-Options: nosniff
1 < X-Frame-Options: DENY
1 < X-XSS-Protection: 1; mode=block

