11:05:00.631 request:
1 > POST http://127.0.0.1:51918/files
1 > Accept-Encoding: gzip,deflate
1 > Connection: Keep-Alive
1 > Content-Length: 6924
1 > Content-Type: multipart/form-data; boundary=uYLV661ZcfCbi6mMWVdxeodW8qZS6aZRu9D6xF
1 > Host: 127.0.0.1:51918
1 > User-Agent: Apache-HttpClient/4.5.5 (Java/1.8.0_181)

11:05:00.642 response time in milliseconds: 9.17
1 < 200
1 < Cache-Control: no-cache, no-store, max-age=0, must-revalidate
1 < Content-Type: application/json;charset=UTF-8
1 < Date: Tue, 09 Apr 2019 14:05:00 GMT
1 < Expires: 0
1 < Pragma: no-cache
1 < Transfer-Encoding: chunked
1 < X-Content-Type-Options: nosniff
1 < X-Frame-Options: DENY
1 < X-XSS-Protection: 1; mode=block
{"id":"254f6505-5fa3-4982-9808-7d0567c99eb8","filename":"upload-name.pdf","message":"hello world","contentType":"application/pdf"}

11:05:00.655 request:
2 > GET http://127.0.0.1:51918/files/254f6505-5fa3-4982-9808-7d0567c99eb8
2 > Accept-Encoding: gzip,deflate
2 > Connection: Keep-Alive
2 > Host: 127.0.0.1:51918
2 > User-Agent: Apache-HttpClient/4.5.5 (Java/1.8.0_181)

11:05:00.661 response time in milliseconds: 5.35
2 < 200
2 < Cache-Control: no-cache, no-store, max-age=0, must-revalidate
2 < Content-Disposition: attachment; filename="upload-name.pdf"
2 < Content-Length: 6514
2 < Content-Type: application/pdf
2 < Date: Tue, 09 Apr 2019 14:05:00 GMT
2 < Expires: 0
2 < Pragma: no-cache
2 < X-Content-Type-Options: nosniff
2 < X-Frame-Options: DENY
2 < X-XSS-Protection: 1; mode=block

ck

