11:05:00.654 request:
1 > POST http://127.0.0.1:51918/files
1 > Accept-Encoding: gzip,deflate
1 > Connection: Keep-Alive
1 > Content-Length: 6927
1 > Content-Type: multipart/form-data; boundary=bjByMpXxmkkrT7BHmvaSlHPUt5gUH68p_hnaqh1
1 > Host: 127.0.0.1:51918
1 > User-Agent: Apache-HttpClient/4.5.5 (Java/1.8.0_181)

11:05:00.663 response time in milliseconds: 7.91
1 < 200
1 < Cache-Control: no-cache, no-store, max-age=0, must-revalidate
1 < Content-Type: application/json;charset=UTF-8
1 < Date: Tue, 09 Apr 2019 14:05:00 GMT
1 < Expires: 0
1 < Pragma: no-cache
1 < Transfer-Encoding: chunked
1 < X-Content-Type-Options: nosniff
1 < X-Frame-Options: DENY
1 < X-XSS-Protection: 1; mode=block
{"id":"b0797aec-e643-4842-aa97-cf887ab09a74","filename":"myFile","message":"hello world","contentType":"application/octet-stream"}

11:05:00.672 request:
2 > GET http://127.0.0.1:51918/files/b0797aec-e643-4842-aa97-cf887ab09a74
2 > Accept-Encoding: gzip,deflate
2 > Connection: Keep-Alive
2 > Host: 127.0.0.1:51918
2 > User-Agent: Apache-HttpClient/4.5.5 (Java/1.8.0_181)

11:05:00.681 response time in milliseconds: 8.22
2 < 200
2 < Cache-Control: no-cache, no-store, max-age=0, must-revalidate
2 < Content-Disposition: attachment; filename="myFile"
2 < Content-Length: 6514
2 < Content-Type: application/octet-stream
2 < Date: Tue, 09 Apr 2019 14:05:00 GMT
2 < Expires: 0
2 < Pragma: no-cache
2 < X-Content-Type-Options: nosniff
2 < X-Frame-Options: DENY
2 < X-XSS-Protection: 1; mode=block

