11:04:59.460 request:
1 > GET http://127.0.0.1:51918/greeting/reset
1 > Accept-Encoding: gzip,deflate
1 > Connection: Keep-Alive
1 > Host: 127.0.0.1:51918
1 > User-Agent: Apache-HttpClient/4.5.5 (Java/1.8.0_181)

11:04:59.464 response time in milliseconds: 4.14
1 < 200
1 < Cache-Control: no-cache, no-store, max-age=0, must-revalidate
1 < Content-Length: 14
1 < Content-Type: text/plain;charset=UTF-8
1 < Date: Tue, 09 Apr 2019 14:04:59 GMT
1 < Expires: 0
1 < Pragma: no-cache
1 < X-Content-Type-Options: nosniff
1 < X-Frame-Options: DENY
1 < X-XSS-Protection: 1; mode=block
{ counter: 0 }

11:04:59.573 [print] current: {id=1, content=Hello World!}
11:04:59.654 poll response {id=2, content=Hello World!} 
11:04:59.666 sleeping 
11:04:59.689 poll response {id=3, content=Hello World!} 
11:04:59.689 sleeping 
11:04:59.722 poll response {id=4, content=Hello World!} 
11:04:59.722 sleeping 
11:04:59.774 poll response {id=1, content=Hello World!} 
11:04:59.776 sleeping 
11:04:59.799 poll response {id=3, content=Hello World!} 
11:04:59.800 sleeping 
11:04:59.868 poll response {id=5, content=Hello World!} 
11:04:59.868 sleeping 
11:04:59.951 poll response {id=6, content=Hello World!} 
11:04:59.958 condition satisfied, exiting 
