11:04:57.979 request:
1 > POST http://127.0.0.1:51918/cats
1 > Accept-Encoding: gzip,deflate
1 > Connection: Keep-Alive
1 > Content-Length: 178
1 > Content-Type: application/json; charset=UTF-8
1 > Host: 127.0.0.1:51918
1 > User-Agent: Apache-HttpClient/4.5.5 (Java/1.8.0_181)
{"name":"Billie","kittens":[{"id":16,"name":"Bob"},{"id":19,"name":"Wild"},{"id":20,"name":"Nyan"},{"id":21,"name":"Keyboard"},{"id":22,"name":"LOL"},{"id":24,"name":"Ceiling"}]}

11:04:57.985 response time in milliseconds: 5.97
1 < 200
1 < Cache-Control: no-cache, no-store, max-age=0, must-revalidate
1 < Content-Type: application/json;charset=UTF-8
1 < Date: Tue, 09 Apr 2019 14:04:57 GMT
1 < Expires: 0
1 < Pragma: no-cache
1 < Transfer-Encoding: chunked
1 < X-Content-Type-Options: nosniff
1 < X-Frame-Options: DENY
1 < X-XSS-Protection: 1; mode=block
{"id":26,"name":"Billie","kittens":[{"id":16,"name":"Bob"},{"id":19,"name":"Wild"},{"id":20,"name":"Nyan"},{"id":21,"name":"Keyboard"},{"id":22,"name":"LOL"},{"id":24,"name":"Ceiling"}]}

11:04:58.014 request:
2 > GET http://127.0.0.1:51918/cats/26/kittens
2 > Accept-Encoding: gzip,deflate
2 > Connection: Keep-Alive
2 > Host: 127.0.0.1:51918
2 > User-Agent: Apache-HttpClient/4.5.5 (Java/1.8.0_181)

11:04:58.022 response time in milliseconds: 7.88
2 < 200
2 < Cache-Control: no-cache, no-store, max-age=0, must-revalidate
2 < Content-Type: application/json;charset=UTF-8
2 < Date: Tue, 09 Apr 2019 14:04:58 GMT
2 < Expires: 0
2 < Pragma: no-cache
2 < Transfer-Encoding: chunked
2 < X-Content-Type-Options: nosniff
2 < X-Frame-Options: DENY
2 < X-XSS-Protection: 1; mode=block
[{"id":16,"name":"Bob"},{"id":19,"name":"Wild"},{"id":20,"name":"Nyan"},{"id":21,"name":"Keyboard"},{"id":22,"name":"LOL"},{"id":24,"name":"Ceiling"}]


