11:05:00.203 request:
1 > GET http://127.0.0.1:51918/search/cookies?domain=.abc.com
1 > Accept-Encoding: gzip,deflate
1 > Connection: Keep-Alive
1 > Cookie: foo=bar
1 > Host: 127.0.0.1:51918
1 > User-Agent: Apache-HttpClient/4.5.5 (Java/1.8.0_181)

11:05:00.209 response time in milliseconds: 4.43
1 < 200
1 < Cache-Control: no-cache, no-store, max-age=0, must-revalidate
1 < Content-Type: application/json;charset=UTF-8
1 < Date: Tue, 09 Apr 2019 14:04:59 GMT
1 < Expires: 0
1 < Pragma: no-cache
1 < Set-Cookie: foo=bar; Domain=.abc.com
1 < Transfer-Encoding: chunked
1 < X-Content-Type-Options: nosniff
1 < X-Frame-Options: DENY
1 < X-XSS-Protection: 1; mode=block
[{"name":"foo","value":"bar","version":0,"domain":".abc.com","maxAge":-1,"secure":false,"httpOnly":false}]

