11:04:56.134 >> lock acquired, begin callSingle: classpath:demo/headers/common-noheaders.feature
11:04:57.056 << lock released, cached callSingle: classpath:demo/headers/common-noheaders.feature
11:04:57.655 request:
1 > POST http://127.0.0.1:51918/cats
1 > Accept-Encoding: gzip,deflate
1 > Connection: Keep-Alive
1 > Content-Length: 174
1 > Content-Type: application/json; charset=UTF-8
1 > Host: 127.0.0.1:51918
1 > User-Agent: Apache-HttpClient/4.5.5 (Java/1.8.0_181)
{"name":"Billie","kittens":[{"id":2,"name":"Bob"},{"id":4,"name":"Wild"},{"id":6,"name":"Nyan"},{"id":8,"name":"Keyboard"},{"id":11,"name":"LOL"},{"id":13,"name":"Ceiling"}]}

11:04:57.672 response time in milliseconds: 16.15
1 < 200
1 < Cache-Control: no-cache, no-store, max-age=0, must-revalidate
1 < Content-Type: application/json;charset=UTF-8
1 < Date: Tue, 09 Apr 2019 14:04:57 GMT
1 < Expires: 0
1 < Pragma: no-cache
1 < Transfer-Encoding: chunked
1 < X-Content-Type-Options: nosniff
1 < X-Frame-Options: DENY
1 < X-XSS-Protection: 1; mode=block
{"id":14,"name":"Billie","kittens":[{"id":2,"name":"Bob"},{"id":4,"name":"Wild"},{"id":6,"name":"Nyan"},{"id":8,"name":"Keyboard"},{"id":11,"name":"LOL"},{"id":13,"name":"Ceiling"}]}

11:04:57.683 request:
2 > GET http://127.0.0.1:51918/cats/14/kittens
2 > Accept-Encoding: gzip,deflate
2 > Connection: Keep-Alive
2 > Host: 127.0.0.1:51918
2 > User-Agent: Apache-HttpClient/4.5.5 (Java/1.8.0_181)

11:04:57.692 response time in milliseconds: 8.11
2 < 200
2 < Cache-Control: no-cache, no-store, max-age=0, must-revalidate
2 < Content-Type: application/json;charset=UTF-8
2 < Date: Tue, 09 Apr 2019 14:04:57 GMT
2 < Expires: 0
2 < Pragma: no-cache
2 < Transfer-Encoding: chunked
2 < X-Content-Type-Options: nosniff
2 < X-Frame-Options: DENY
2 < X-XSS-Protection: 1; mode=block
[{"id":2,"name":"Bob"},{"id":4,"name":"Wild"},{"id":6,"name":"Nyan"},{"id":8,"name":"Keyboard"},{"id":11,"name":"LOL"},{"id":13,"name":"Ceiling"}]

