11:05:01.508 request:
1 > POST http://127.0.0.1:51918/search/headers
1 > Accept-Encoding: gzip,deflate
1 > Connection: Keep-Alive
1 > Content-Length: 6900
1 > Content-Type: multipart/form-data; boundary=Ze8WgROu56D6sUHqaG70RKjZWbpvd0
1 > Host: 127.0.0.1:51918
1 > User-Agent: Apache-HttpClient/4.5.5 (Java/1.8.0_181)

11:05:01.516 response time in milliseconds: 8.01
1 < 200
1 < Cache-Control: no-cache, no-store, max-age=0, must-revalidate
1 < Content-Type: application/json;charset=UTF-8
1 < Date: Tue, 09 Apr 2019 14:05:01 GMT
1 < Expires: 0
1 < Pragma: no-cache
1 < Transfer-Encoding: chunked
1 < X-Content-Type-Options: nosniff
1 < X-Frame-Options: DENY
1 < X-XSS-Protection: 1; mode=block
{"content-type":["multipart/form-data; boundary=Ze8WgROu56D6sUHqaG70RKjZWbpvd0"],"content-length":["6900"],"host":["127.0.0.1:51918"],"connection":["Keep-Alive"],"user-agent":["Apache-HttpClient/4.5.5 (Java/1.8.0_181)"],"accept-encoding":["gzip,deflate"]}

11:05:01.529 request:
2 > POST http://127.0.0.1:51918/search/headers
2 > Accept-Encoding: gzip,deflate
2 > Connection: Keep-Alive
2 > Content-Length: 6930
2 > Content-Type: multipart/form-data; boundary=5J6Ga4MZbKqnVRIhf2br5WHy6N5L8zo7w_or7hNh
2 > Host: 127.0.0.1:51918
2 > User-Agent: Apache-HttpClient/4.5.5 (Java/1.8.0_181)

11:05:01.536 response time in milliseconds: 6.04
2 < 200
2 < Cache-Control: no-cache, no-store, max-age=0, must-revalidate
2 < Content-Type: application/json;charset=UTF-8
2 < Date: Tue, 09 Apr 2019 14:05:01 GMT
2 < Expires: 0
2 < Pragma: no-cache
2 < Transfer-Encoding: chunked
2 < X-Content-Type-Options: nosniff
2 < X-Frame-Options: DENY
2 < X-XSS-Protection: 1; mode=block
{"content-type":["multipart/form-data; boundary=5J6Ga4MZbKqnVRIhf2br5WHy6N5L8zo7w_or7hNh"],"content-length":["6930"],"host":["127.0.0.1:51918"],"connection":["Keep-Alive"],"user-agent":["Apache-HttpClient/4.5.5 (Java/1.8.0_181)"],"accept-encoding":["gzip,deflate"]}

