11:04:59.765 request:
1 > GET http://127.0.0.1:51918/greeting/reset
1 > Accept-Encoding: gzip,deflate
1 > Connection: Keep-Alive
1 > Host: 127.0.0.1:51918
1 > User-Agent: Apache-HttpClient/4.5.5 (Java/1.8.0_181)

11:04:59.770 response time in milliseconds: 3.84
1 < 200
1 < Cache-Control: no-cache, no-store, max-age=0, must-revalidate
1 < Content-Length: 14
1 < Content-Type: text/plain;charset=UTF-8
1 < Date: Tue, 09 Apr 2019 14:04:59 GMT
1 < Expires: 0
1 < Pragma: no-cache
1 < X-Content-Type-Options: nosniff
1 < X-Frame-Options: DENY
1 < X-XSS-Protection: 1; mode=block
{ counter: 0 }

11:04:59.773 request:
2 > GET http://127.0.0.1:51918/greeting
2 > Accept-Encoding: gzip,deflate
2 > Connection: Keep-Alive
2 > Host: 127.0.0.1:51918
2 > User-Agent: Apache-HttpClient/4.5.5 (Java/1.8.0_181)

11:04:59.776 response time in milliseconds: 3.44
2 < 200
2 < Cache-Control: no-cache, no-store, max-age=0, must-revalidate
2 < Content-Type: application/json;charset=UTF-8
2 < Date: Tue, 09 Apr 2019 14:04:59 GMT
2 < Expires: 0
2 < Pragma: no-cache
2 < Transfer-Encoding: chunked
2 < X-Content-Type-Options: nosniff
2 < X-Frame-Options: DENY
2 < X-XSS-Protection: 1; mode=block
{"id":2,"content":"Hello World!"}

11:04:59.784 retry condition not satisfied: responseStatus == 200 && response.id > 3
11:04:59.784 sleeping before retry #1
11:04:59.797 request:
3 > GET http://127.0.0.1:51918/greeting
3 > Accept-Encoding: gzip,deflate
3 > Connection: Keep-Alive
3 > Host: 127.0.0.1:51918
3 > User-Agent: Apache-HttpClient/4.5.5 (Java/1.8.0_181)

11:04:59.801 response time in milliseconds: 3.61
3 < 200
3 < Cache-Control: no-cache, no-store, max-age=0, must-revalidate
3 < Content-Type: application/json;charset=UTF-8
3 < Date: Tue, 09 Apr 2019 14:04:59 GMT
3 < Expires: 0
3 < Pragma: no-cache
3 < Transfer-Encoding: chunked
3 < X-Content-Type-Options: nosniff
3 < X-Frame-Options: DENY
3 < X-XSS-Protection: 1; mode=block
{"id":4,"content":"Hello World!"}

11:04:59.801 retry condition satisfied
ied: responseStatus == 200 && response.id > 3
11:00:47.622 sleeping before retry #2
11:00:47.636 request:
4 > GET http://127.0.0.1:51301/greeting
4 > Accept-Encoding: gzip,deflate
4 > Connection: Keep-Alive
4 > Host: 127.0.0.1:51301
4 > User-Agent: Apache-HttpClient/4.5.5 (Java/1.8.0_181)

11:00:47.641 response time in milliseconds: 3.73
4 < 200
4 < Cache-Control: no-cache, no-store, max-age=0, must-revalidate
4 < Content-Type: application/json;charset=UTF-8
4 < Date: Tue, 09 Apr 2019 14:00:47 GMT
4 < Expires: 0
4 < Pragma: no-cache
4 < Transfer-Encoding: chunked
4 < X-Content-Type-Options: nosniff
4 < X-Frame-Options: DENY
4 < X-XSS-Protection: 1; mode=block
{"id":3,"content":"Hello World!"}

11:00:47.641 retry condition not satisfied: responseStatus == 200 && response.id > 3
11:00:47.641 sleeping before retry #3
11:00:47.653 request:
5 > GET http://127.0.0.1:51301/greeting
5 > Accept-Encoding: gzip,deflate
5 > Connection: Keep-Alive
5 > Host: 127.0.0.1:51301
5 > User-Agent: Apache-HttpClient/4.5.5 (Java/1.8.0_181)

11:00:47.659 response time in milliseconds: 5.17
5 < 200
5 < Cache-Control: no-cache, no-store, max-age=0, must-revalidate
5 < Content-Type: application/json;charset=UTF-8
5 < Date: Tue, 09 Apr 2019 14:00:47 GMT
5 < Expires: 0
5 < Pragma: no-cache
5 < Transfer-Encoding: chunked
5 < X-Content-Type-Options: nosniff
5 < X-Frame-Options: DENY
5 < X-XSS-Protection: 1; mode=block
{"id":4,"content":"Hello World!"}

11:00:47.670 retry condition satisfied
