11:05:01.006 request:
1 > POST http://127.0.0.1:51918/files/binary?name=karate-logo.jpg
1 > Accept-Encoding: gzip,deflate
1 > Connection: Keep-Alive
1 > Content-Length: 13575
1 > Content-Type: application/octet-stream
1 > Host: 127.0.0.1:51918
1 > User-Agent: Apache-HttpClient/4.5.5 (Java/1.8.0_181)

11:05:01.023 response time in milliseconds: 13.69
1 < 200
1 < Cache-Control: no-cache, no-store, max-age=0, must-revalidate
1 < Content-Type: application/json;charset=UTF-8
1 < Date: Tue, 09 Apr 2019 14:05:00 GMT
1 < Expires: 0
1 < Pragma: no-cache
1 < Transfer-Encoding: chunked
1 < X-Content-Type-Options: nosniff
1 < X-Frame-Options: DENY
1 < X-XSS-Protection: 1; mode=block
{"id":"7649f54f-65f7-4c6c-bad8-99bdf4a73479","filename":"karate-logo.jpg","message":"hello world","contentType":"application/octet-stream"}

11:05:01.034 request:
2 > GET http://127.0.0.1:51918/files/7649f54f-65f7-4c6c-bad8-99bdf4a73479
2 > Accept-Encoding: gzip,deflate
2 > Connection: Keep-Alive
2 > Host: 127.0.0.1:51918
2 > User-Agent: Apache-HttpClient/4.5.5 (Java/1.8.0_181)

11:05:01.046 response time in milliseconds: 6.51
2 < 200
2 < Cache-Control: no-cache, no-store, max-age=0, must-revalidate
2 < Content-Disposition: attachment; filename="karate-logo.jpg"
2 < Content-Length: 13575
2 < Content-Type: application/octet-stream
2 < Date: Tue, 09 Apr 2019 14:05:00 GMT
2 < Expires: 0
2 < Pragma: no-cache
2 < X-Content-Type-Options: nosniff
2 < X-Frame-Options: DENY
2 < X-XSS-Protection: 1; mode=block

