11:05:00.389 request:
1 > POST http://127.0.0.1:51918/cats
1 > Accept-Encoding: gzip,deflate
1 > Connection: Keep-Alive
1 > Content-Length: 17
1 > Content-Type: application/json; charset=UTF-8
1 > Host: 127.0.0.1:51918
1 > User-Agent: Apache-HttpClient/4.5.5 (Java/1.8.0_181)
{"name":"Sillie"}

11:05:00.394 response time in milliseconds: 3.98
1 < 200
1 < Cache-Control: no-cache, no-store, max-age=0, must-revalidate
1 < Content-Type: application/json;charset=UTF-8
1 < Date: Tue, 09 Apr 2019 14:04:59 GMT
1 < Expires: 0
1 < Pragma: no-cache
1 < Transfer-Encoding: chunked
1 < X-Content-Type-Options: nosniff
1 < X-Frame-Options: DENY
1 < X-XSS-Protection: 1; mode=block
{"id":41,"name":"Sillie"}

11:05:00.423 request:
2 > GET http://127.0.0.1:51918/cats
2 > Accept-Encoding: gzip,deflate
2 > Connection: Keep-Alive
2 > Host: 127.0.0.1:51918
2 > User-Agent: Apache-HttpClient/4.5.5 (Java/1.8.0_181)

11:05:00.442 response time in milliseconds: 17.35
2 < 200
2 < Cache-Control: no-cache, no-store, max-age=0, must-revalidate
2 < Content-Type: application/json;charset=UTF-8
2 < Date: Tue, 09 Apr 2019 14:05:00 GMT
2 < Expires: 0
2 < Pragma: no-cache
2 < Transfer-Encoding: chunked
2 < X-Content-Type-Options: nosniff
2 < X-Frame-Options: DENY
2 < X-XSS-Protection: 1; mode=block
[{"id":1,"name":"Kit0"},{"id":2,"name":"Bob"},{"id":3,"name":"Kit1"},{"id":4,"name":"Wild"},{"id":5,"name":"Kit2"},{"id":6,"name":"Nyan"},{"id":7,"name":"Kit3"},{"id":8,"name":"Keyboard"},{"id":9,"name":"Kit4"},{"id":10,"name":"Bob"},{"id":11,"name":"LOL"},{"id":12,"name":"Wild"},{"id":13,"name":"Ceiling"},{"id":14,"name":"Billie","kittens":[{"id":2,"name":"Bob"},{"id":4,"name":"Wild"},{"id":6,"name":"Nyan"},{"id":8,"name":"Keyboard"},{"id":11,"name":"LOL"},{"id":13,"name":"Ceiling"}]},{"id":15,"name":"Nyan"},{"id":16,"name":"Bob"},{"id":17,"name":"Bob"},{"id":18,"name":"Wild"},{"id":19,"name":"Wild"},{"id":20,"name":"Nyan"},{"id":21,"name":"Keyboard"},{"id":22,"name":"LOL"},{"id":23,"name":"Bob"},{"id":24,"name":"Ceiling"},{"id":25,"name":"Wild"},{"id":26,"name":"Billie","kittens":[{"id":16,"name":"Bob"},{"id":19,"name":"Wild"},{"id":20,"name":"Nyan"},{"id":21,"name":"Keyboard"},{"id":22,"name":"LOL"},{"id":24,"name":"Ceiling"}]},{"id":27,"name":"Billie"},{"id":28,"name":"Billie","kittens":[{"id":23,"name":"Bob"},{"id":25,"name":"Wild"}]},{"id":29,"name":"Billie"},{"id":30,"name":"Nyan"},{"id":31,"name":"Tom"},{"id":32,"name":"Tom"},{"id":33,"name":"Billie"},{"id":34,"name":"Billie Edit"},{"id":37,"name":"Bob"},{"id":38,"name":"Tom"},{"id":39,"name":"Tom"},{"id":40,"name":"Billie","kittens":[{"id":10,"name":"Bob"},{"id":12,"name":"Wild"},{"id":15,"name":"Nyan"}]},{"id":41,"name":"Sillie"},{"id":42,"name":"Nyan"},{"id":43,"name":"Wild"}]

