11:04:59.421 request:
1 > POST http://127.0.0.1:51918/echo
1 > Accept-Encoding: gzip,deflate
1 > Connection: Keep-Alive
1 > Content-Length: 93
1 > Content-Type: application/json; charset=UTF-8
1 > Host: 127.0.0.1:51918
1 > User-Agent: Apache-HttpClient/4.5.5 (Java/1.8.0_181)
{"employees":[{"firstName":"John","lastName":"Smith"},{"firstName":"Jane","lastName":"Doe"}]}

11:04:59.427 response time in milliseconds: 5.07
1 < 200
1 < Cache-Control: no-cache, no-store, max-age=0, must-revalidate
1 < Content-Length: 93
1 < Content-Type: text/plain;charset=UTF-8
1 < Date: Tue, 09 Apr 2019 14:04:59 GMT
1 < Expires: 0
1 < Pragma: no-cache
1 < X-Content-Type-Options: nosniff
1 < X-Frame-Options: DENY
1 < X-XSS-Protection: 1; mode=block
{"employees":[{"firstName":"John","lastName":"Smith"},{"firstName":"Jane","lastName":"Doe"}]}

