11:04:58.261 this thread waited 30 milliseconds for callonce lock: read('common.feature')
11:04:58.272 request:
1 > GET http://127.0.0.1:51918/headers/6c69cc53-20d8-4f08-a32e-b0ff3155a4f6?url=http%3A%2F%2F127.0.0.1%3A51918
1 > Accept-Encoding: gzip,deflate
1 > Authorization: 6c69cc53-20d8-4f08-a32e-b0ff3155a4f61554818698251http://127.0.0.1:51918
1 > Connection: Keep-Alive
1 > Cookie: time=1554818698251
1 > Host: 127.0.0.1:51918
1 > User-Agent: Apache-HttpClient/4.5.5 (Java/1.8.0_181)
1 > request_id: 56f7da84-ffea-43d6-8881-f1eca1c23c4f

11:04:58.286 response time in milliseconds: 13.38
1 < 200
1 < Cache-Control: no-cache, no-store, max-age=0, must-revalidate
1 < Content-Length: 0
1 < Date: Tue, 09 Apr 2019 14:04:58 GMT
1 < Expires: 0
1 < Pragma: no-cache
1 < X-Content-Type-Options: nosniff
1 < X-Frame-Options: DENY
1 < X-XSS-Protection: 1; mode=block

