11:04:57.059 this thread waited 926 milliseconds for callSingle lock: classpath:demo/headers/common-noheaders.feature
11:04:57.235 request:
1 > POST http://127.0.0.1:51918/echo/binary
1 > Accept-Encoding: gzip,deflate
1 > Connection: Keep-Alive
1 > Content-Length: 37
1 > Content-Type: application/json; charset=UTF-8
1 > Host: 127.0.0.1:51918
1 > User-Agent: Apache-HttpClient/4.5.5 (Java/1.8.0_181)
{"message":"hello","data":"aGVsbG8="}

11:04:57.420 response time in milliseconds: 184.91
1 < 200
1 < Cache-Control: no-cache, no-store, max-age=0, must-revalidate
1 < Content-Type: application/json;charset=UTF-8
1 < Date: Tue, 09 Apr 2019 14:04:57 GMT
1 < Expires: 0
1 < Pragma: no-cache
1 < Transfer-Encoding: chunked
1 < X-Content-Type-Options: nosniff
1 < X-Frame-Options: DENY
1 < X-XSS-Protection: 1; mode=block
{"message":"world","data":"d29ybGQ="}

Y
1 < X-XSS-Protection: 1; mode=block
{"message":"world","data":"d29ybGQ="}

