11:04:58.095 request:
1 > GET http://127.0.0.1:51918/search/cookies
1 > Accept-Encoding: gzip,deflate
1 > Connection: Keep-Alive
1 > Cookie: foo=bar
1 > Host: 127.0.0.1:51918
1 > User-Agent: Apache-HttpClient/4.5.5 (Java/1.8.0_181)

11:04:58.105 response time in milliseconds: 9.79
1 < 200
1 < Cache-Control: no-cache, no-store, max-age=0, must-revalidate
1 < Content-Type: application/json;charset=UTF-8
1 < Date: Tue, 09 Apr 2019 14:04:58 GMT
1 < Expires: 0
1 < Pragma: no-cache
1 < Set-Cookie: foo=bar
1 < Transfer-Encoding: chunked
1 < X-Content-Type-Options: nosniff
1 < X-Frame-Options: DENY
1 < X-XSS-Protection: 1; mode=block
[{"name":"foo","value":"bar","version":0,"maxAge":-1,"secure":false,"httpOnly":false}]

11:04:58.121 request:
2 > POST http://127.0.0.1:51918/search/cookies
2 > Accept-Encoding: gzip,deflate
2 > Connection: Keep-Alive
2 > Content-Length: 2
2 > Content-Type: application/json; charset=UTF-8
2 > Cookie: foo=bar
2 > Host: 127.0.0.1:51918
2 > User-Agent: Apache-HttpClient/4.5.5 (Java/1.8.0_181)
{}

11:04:58.126 response time in milliseconds: 4.47
2 < 200
2 < Cache-Control: no-cache, no-store, max-age=0, must-revalidate
2 < Content-Type: application/json;charset=UTF-8
2 < Date: Tue, 09 Apr 2019 14:04:58 GMT
2 < Expires: 0
2 < Pragma: no-cache
2 < Set-Cookie: foo=bar
2 < Transfer-Encoding: chunked
2 < X-Content-Type-Options: nosniff
2 < X-Frame-Options: DENY
2 < X-XSS-Protection: 1; mode=block
[{"name":"foo","value":"bar","version":0,"maxAge":-1,"secure":false,"httpOnly":false}]

11:04:58.140 [print] cookies:  {
  "foo": {
    "name": "foo",
    "value": "bar",
    "domain": "127.0.0.1",
    "path": "/search",
    "persistent": "false",
    "secure": "false"
  }
}

11:04:58.155 request:
3 > GET http://127.0.0.1:51918/search/cookies
3 > Accept-Encoding: gzip,deflate
3 > Connection: Keep-Alive
3 > Host: 127.0.0.1:51918
3 > User-Agent: Apache-HttpClient/4.5.5 (Java/1.8.0_181)

11:04:58.159 response time in milliseconds: 3.99
3 < 200
3 < Cache-Control: no-cache, no-store, max-age=0, must-revalidate
3 < Content-Type: application/json;charset=UTF-8
3 < Date: Tue, 09 Apr 2019 14:04:58 GMT
3 < Expires: 0
3 < Pragma: no-cache
3 < Transfer-Encoding: chunked
3 < X-Content-Type-Options: nosniff
3 < X-Frame-Options: DENY
3 < X-XSS-Protection: 1; mode=block
[]

11:04:58.179 request:
4 > POST http://127.0.0.1:51918/search/cookies
4 > Accept-Encoding: gzip,deflate
4 > Connection: Keep-Alive
4 > Content-Length: 2
4 > Content-Type: application/json; charset=UTF-8
4 > Cookie: foo=blah
4 > Host: 127.0.0.1:51918
4 > User-Agent: Apache-HttpClient/4.5.5 (Java/1.8.0_181)
{}

11:04:58.184 response time in milliseconds: 4.80
4 < 200
4 < Cache-Control: no-cache, no-store, max-age=0, must-revalidate
4 < Content-Type: application/json;charset=UTF-8
4 < Date: Tue, 09 Apr 2019 14:04:58 GMT
4 < Expires: 0
4 < Pragma: no-cache
4 < Set-Cookie: foo=blah
4 < Transfer-Encoding: chunked
4 < X-Content-Type-Options: nosniff
4 < X-Frame-Options: DENY
4 < X-XSS-Protection: 1; mode=block
[{"name":"foo","value":"blah","version":0,"maxAge":-1,"secure":false,"httpOnly":false}]

