11:04:58.760 request:
1 > POST http://127.0.0.1:51918/cats
1 > Accept-Encoding: gzip,deflate
1 > Connection: Keep-Alive
1 > Content-Length: 11
1 > Content-Type: application/json; charset=UTF-8
1 > Host: 127.0.0.1:51918
1 > User-Agent: Apache-HttpClient/4.5.5 (Java/1.8.0_181)
{ "name": }

11:04:58.768 response time in milliseconds: 7.61
1 < 400
1 < Cache-Control: no-cache, no-store, max-age=0, must-revalidate
1 < Connection: close
1 < Content-Type: application/json;charset=UTF-8
1 < Date: Tue, 09 Apr 2019 14:04:58 GMT
1 < Expires: 0
1 < Pragma: no-cache
1 < Transfer-Encoding: chunked
1 < X-Content-Type-Options: nosniff
1 < X-Frame-Options: DENY
1 < X-XSS-Protection: 1; mode=block
{"timestamp":1554818698766,"status":400,"error":"Bad Request","exception":"org.springframework.http.converter.HttpMessageNotReadableException","message":"JSON parse error: Unexpected character ('}' (code 125)): expected a value; nested exception is com.fasterxml.jackson.core.JsonParseException: Unexpected character ('}' (code 125)): expected a value\n at [Source: java.io.PushbackInputStream@2d9530b; line: 1, column: 12]","path":"/cats"}

}

