11:05:01.815 request:
1 > GET http://127.0.0.1:51918/search?foo=bar&foo=baz
1 > Accept-Encoding: gzip,deflate
1 > Connection: Keep-Alive
1 > Host: 127.0.0.1:51918
1 > User-Agent: Apache-HttpClient/4.5.5 (Java/1.8.0_181)

11:05:01.819 response time in milliseconds: 3.41
1 < 200
1 < Cache-Control: no-cache, no-store, max-age=0, must-revalidate
1 < Content-Type: application/json;charset=UTF-8
1 < Date: Tue, 09 Apr 2019 14:05:01 GMT
1 < Expires: 0
1 < Pragma: no-cache
1 < Transfer-Encoding: chunked
1 < X-Content-Type-Options: nosniff
1 < X-Frame-Options: DENY
1 < X-XSS-Protection: 1; mode=block
{"foo":["bar","baz"]}

11:05:01.822 request:
2 > GET http://127.0.0.1:51918/search?foo=bar&foo=baz
2 > Accept-Encoding: gzip,deflate
2 > Connection: Keep-Alive
2 > Host: 127.0.0.1:51918
2 > User-Agent: Apache-HttpClient/4.5.5 (Java/1.8.0_181)

11:05:01.826 response time in milliseconds: 3.04
2 < 200
2 < Cache-Control: no-cache, no-store, max-age=0, must-revalidate
2 < Content-Type: application/json;charset=UTF-8
2 < Date: Tue, 09 Apr 2019 14:05:01 GMT
2 < Expires: 0
2 < Pragma: no-cache
2 < Transfer-Encoding: chunked
2 < X-Content-Type-Options: nosniff
2 < X-Frame-Options: DENY
2 < X-XSS-Protection: 1; mode=block
{"foo":["bar","baz"]}

11:05:01.830 request:
3 > GET http://127.0.0.1:51918/search?foo=bar%2Cbaz
3 > Accept-Encoding: gzip,deflate
3 > Connection: Keep-Alive
3 > Host: 127.0.0.1:51918
3 > User-Agent: Apache-HttpClient/4.5.5 (Java/1.8.0_181)

11:05:01.834 response time in milliseconds: 3.24
3 < 200
3 < Cache-Control: no-cache, no-store, max-age=0, must-revalidate
3 < Content-Type: application/json;charset=UTF-8
3 < Date: Tue, 09 Apr 2019 14:05:01 GMT
3 < Expires: 0
3 < Pragma: no-cache
3 < Transfer-Encoding: chunked
3 < X-Content-Type-Options: nosniff
3 < X-Frame-Options: DENY
3 < X-XSS-Protection: 1; mode=block
{"foo":["bar,baz"]}

11:05:01.838 request:
4 > GET http://127.0.0.1:51918/search?foo=bar%2Cbaz
4 > Accept-Encoding: gzip,deflate
4 > Connection: Keep-Alive
4 > Host: 127.0.0.1:51918
4 > User-Agent: Apache-HttpClient/4.5.5 (Java/1.8.0_181)

11:05:01.842 response time in milliseconds: 3.58
4 < 200
4 < Cache-Control: no-cache, no-store, max-age=0, must-revalidate
4 < Content-Type: application/json;charset=UTF-8
4 < Date: Tue, 09 Apr 2019 14:05:01 GMT
4 < Expires: 0
4 < Pragma: no-cache
4 < Transfer-Encoding: chunked
4 < X-Content-Type-Options: nosniff
4 < X-Frame-Options: DENY
4 < X-XSS-Protection: 1; mode=block
{"foo":["bar,baz"]}

