11:04:59.874 request:
1 > GET http://127.0.0.1:51918/signin/token
1 > Accept-Encoding: gzip,deflate
1 > Connection: Keep-Alive
1 > Host: 127.0.0.1:51918
1 > User-Agent: Apache-HttpClient/4.5.5 (Java/1.8.0_181)

11:04:59.880 response time in milliseconds: 4.82
1 < 200
1 < Cache-Control: no-cache, no-store, max-age=0, must-revalidate
1 < Content-Length: 36
1 < Content-Type: text/plain;charset=UTF-8
1 < Date: Tue, 09 Apr 2019 14:04:59 GMT
1 < Expires: 0
1 < Pragma: no-cache
1 < Set-Cookie: JSESSIONID=E525703B976D5F7EDE0A47BCD9978EB0; Path=/; HttpOnly
1 < X-Content-Type-Options: nosniff
1 < X-Frame-Options: DENY
1 < X-XSS-Protection: 1; mode=block
0317ce03-41a8-4943-9eac-73cb2a49a988

11:04:59.894 request:
2 > POST http://127.0.0.1:51918/signin
2 > Accept-Encoding: gzip,deflate
2 > Connection: Keep-Alive
2 > Content-Length: 29
2 > Content-Type: application/x-www-form-urlencoded; charset=UTF-8
2 > Cookie: JSESSIONID=E525703B976D5F7EDE0A47BCD9978EB0
2 > Host: 127.0.0.1:51918
2 > User-Agent: Apache-HttpClient/4.5.5 (Java/1.8.0_181)
2 > X-CSRF-TOKEN: 0317ce03-41a8-4943-9eac-73cb2a49a988
username=john&password=secret

11:04:59.902 response time in milliseconds: 6.02
2 < 200
2 < Cache-Control: no-cache, no-store, max-age=0, must-revalidate
2 < Content-Length: 7
2 < Content-Type: text/plain;charset=UTF-8
2 < Date: Tue, 09 Apr 2019 14:04:59 GMT
2 < Expires: 0
2 < Pragma: no-cache
2 < X-Content-Type-Options: nosniff
2 < X-Frame-Options: DENY
2 < X-XSS-Protection: 1; mode=block
success

