11:04:58.950 request:
1 > POST http://127.0.0.1:51918/cats
1 > Accept-Encoding: gzip,deflate
1 > Connection: Keep-Alive
1 > Content-Length: 17
1 > Content-Type: application/json; charset=UTF-8
1 > Host: 127.0.0.1:51918
1 > User-Agent: Apache-HttpClient/4.5.5 (Java/1.8.0_181)
{"name":"Billie"}

11:04:58.956 response time in milliseconds: 5.48
1 < 200
1 < Cache-Control: no-cache, no-store, max-age=0, must-revalidate
1 < Content-Type: application/json;charset=UTF-8
1 < Date: Tue, 09 Apr 2019 14:04:58 GMT
1 < Expires: 0
1 < Pragma: no-cache
1 < Transfer-Encoding: chunked
1 < X-Content-Type-Options: nosniff
1 < X-Frame-Options: DENY
1 < X-XSS-Protection: 1; mode=block
{"id":36,"name":"Billie"}

11:04:58.961 request:
2 > DELETE http://127.0.0.1:51918/cats
2 > Accept-Encoding: gzip,deflate
2 > Connection: Keep-Alive
2 > Content-Length: 25
2 > Content-Type: application/json; charset=UTF-8
2 > Host: 127.0.0.1:51918
2 > User-Agent: Apache-HttpClient/4.5.5 (Java/1.8.0_181)
{"id":36,"name":"Billie"}

11:04:58.970 response time in milliseconds: 7.81
2 < 200
2 < Cache-Control: no-cache, no-store, max-age=0, must-revalidate
2 < Content-Length: 0
2 < Date: Tue, 09 Apr 2019 14:04:58 GMT
2 < Expires: 0
2 < Pragma: no-cache
2 < X-Content-Type-Options: nosniff
2 < X-Frame-Options: DENY
2 < X-XSS-Protection: 1; mode=block

