11:04:57.554 >> lock acquired, begin callonce: read('../callarray/kitten-create.feature')
11:04:57.673 << lock released, cached callonce: read('../callarray/kitten-create.feature')
11:04:57.675 request:
1 > GET http://127.0.0.1:51918/cats
1 > Accept-Encoding: gzip,deflate
1 > Connection: Keep-Alive
1 > Host: 127.0.0.1:51918
1 > User-Agent: Apache-HttpClient/4.5.5 (Java/1.8.0_181)

11:04:57.688 response time in milliseconds: 12.60
1 < 200
1 < Cache-Control: no-cache, no-store, max-age=0, must-revalidate
1 < Content-Type: application/json;charset=UTF-8
1 < Date: Tue, 09 Apr 2019 14:04:57 GMT
1 < Expires: 0
1 < Pragma: no-cache
1 < Transfer-Encoding: chunked
1 < X-Content-Type-Options: nosniff
1 < X-Frame-Options: DENY
1 < X-XSS-Protection: 1; mode=block
[{"id":1,"name":"Kit0"},{"id":2,"name":"Bob"},{"id":3,"name":"Kit1"},{"id":4,"name":"Wild"},{"id":5,"name":"Kit2"},{"id":6,"name":"Nyan"},{"id":7,"name":"Kit3"},{"id":8,"name":"Keyboard"},{"id":9,"name":"Kit4"},{"id":10,"name":"Bob"},{"id":11,"name":"LOL"},{"id":12,"name":"Wild"},{"id":13,"name":"Ceiling"},{"id":14,"name":"Billie","kittens":[{"id":2,"name":"Bob"},{"id":4,"name":"Wild"},{"id":6,"name":"Nyan"},{"id":8,"name":"Keyboard"},{"id":11,"name":"LOL"},{"id":13,"name":"Ceiling"}]},{"id":15,"name":"Nyan"}]

id":16,"name":"Billie"},{"id":17,"name":"Nyan"},{"id":18,"name":"Bob"},{"id":19,"name":"Nyan"},{"id":20,"name":"Wild"},{"id":22,"name":"Nyan"}]

