11:05:01.080 request:
1 > POST http://127.0.0.1:51918/files
1 > Accept-Encoding: gzip,deflate
1 > Connection: Keep-Alive
1 > Content-Length: 431
1 > Content-Type: multipart/form-data; boundary=7jnVzTATpus_RyBHy9TCfCtv5J56cyS4OBpIusa4
1 > Host: 127.0.0.1:51918
1 > User-Agent: Apache-HttpClient/4.5.5 (Java/1.8.0_181)

11:05:01.089 response time in milliseconds: 8.84
1 < 200
1 < Cache-Control: no-cache, no-store, max-age=0, must-revalidate
1 < Content-Type: application/json;charset=UTF-8
1 < Date: Tue, 09 Apr 2019 14:05:00 GMT
1 < Expires: 0
1 < Pragma: no-cache
1 < Transfer-Encoding: chunked
1 < X-Content-Type-Options: nosniff
1 < X-Frame-Options: DENY
1 < X-XSS-Protection: 1; mode=block
{"id":"5eb45657-9da3-487d-86ba-60f45b3a3752","filename":"hello.txt","message":"hello world","contentType":"text/plain; charset=UTF-8"}

11:05:01.108 request:
2 > GET http://127.0.0.1:51918/files/5eb45657-9da3-487d-86ba-60f45b3a3752
2 > Accept-Encoding: gzip,deflate
2 > Connection: Keep-Alive
2 > Host: 127.0.0.1:51918
2 > User-Agent: Apache-HttpClient/4.5.5 (Java/1.8.0_181)

11:05:01.115 response time in milliseconds: 6.76
2 < 200
2 < Cache-Control: no-cache, no-store, max-age=0, must-revalidate
2 < Content-Disposition: attachment; filename="hello.txt"
2 < Content-Length: 11
2 < Content-Type: text/plain;charset=UTF-8
2 < Date: Tue, 09 Apr 2019 14:05:00 GMT
2 < Expires: 0
2 < Pragma: no-cache
2 < X-Content-Type-Options: nosniff
2 < X-Frame-Options: DENY
2 < X-XSS-Protection: 1; mode=block
lorem ipsum


