11:05:17.229 request:
1 > POST http://localhost:52238/cats
1 > Accept-Encoding: gzip,deflate
1 > Connection: Keep-Alive
1 > Content-Length: 17
1 > Content-Type: application/json; charset=UTF-8
1 > Host: localhost:52238
1 > User-Agent: Apache-HttpClient/4.5.5 (Java/1.8.0_181)
{"name":"Billie"}

11:05:17.249 response time in milliseconds: 18.07
1 < 200
1 < Content-Type: application/json
{"name":"Billie","id":1}

11:05:17.253 request:
2 > GET http://localhost:52238/cats/1
2 > Accept-Encoding: gzip,deflate
2 > Connection: Keep-Alive
2 > Host: localhost:52238
2 > User-Agent: Apache-HttpClient/4.5.5 (Java/1.8.0_181)

11:05:17.268 response time in milliseconds: 14.26
2 < 200
2 < Content-Type: application/json
{"name":"Billie","id":1}

11:05:17.270 request:
3 > GET http://localhost:52238/cats
3 > Accept-Encoding: gzip,deflate
3 > Connection: Keep-Alive
3 > Host: localhost:52238
3 > User-Agent: Apache-HttpClient/4.5.5 (Java/1.8.0_181)

11:05:17.279 response time in milliseconds: 9.25
3 < 200
3 < Content-Type: application/json
[{"name":"Billie","id":1}]

11:05:17.281 request:
4 > POST http://localhost:52238/cats
4 > Accept-Encoding: gzip,deflate
4 > Connection: Keep-Alive
4 > Content-Length: 14
4 > Content-Type: application/json; charset=UTF-8
4 > Host: localhost:52238
4 > User-Agent: Apache-HttpClient/4.5.5 (Java/1.8.0_181)
{"name":"Bob"}

11:05:17.288 response time in milliseconds: 7.14
4 < 200
4 < Content-Type: application/json
{"name":"Bob","id":2}

11:05:17.294 request:
5 > GET http://localhost:52238/cats/2
5 > Accept-Encoding: gzip,deflate
5 > Connection: Keep-Alive
5 > Host: localhost:52238
5 > User-Agent: Apache-HttpClient/4.5.5 (Java/1.8.0_181)

11:05:17.310 response time in milliseconds: 10.95
5 < 200
5 < Content-Type: application/json
{"name":"Bob","id":2}

11:05:17.312 request:
6 > GET http://localhost:52238/cats
6 > Accept-Encoding: gzip,deflate
6 > Connection: Keep-Alive
6 > Host: localhost:52238
6 > User-Agent: Apache-HttpClient/4.5.5 (Java/1.8.0_181)

11:05:17.320 response time in milliseconds: 7.43
6 < 200
6 < Content-Type: application/json
[{"name":"Billie","id":1},{"name":"Bob","id":2}]

