11:05:17.388 request:
1 > POST http://localhost:52245/cats
1 > Accept-Encoding: gzip,deflate
1 > Connection: Keep-Alive
1 > Content-Length: 17
1 > Content-Type: application/json; charset=UTF-8
1 > Host: localhost:52245
1 > User-Agent: Apache-HttpClient/4.5.5 (Java/1.8.0_181)
{"name":"Billie"}

11:05:17.411 response time in milliseconds: 22.30
1 < 200
1 < Access-Control-Allow-Origin: *
1 < Content-Type: application/json
{"name":"Billie","id":"4f947549-d254-4c5d-9a92-2d26d7a2caa8"}

11:05:17.413 request:
2 > GET http://localhost:52245/cats/4f947549-d254-4c5d-9a92-2d26d7a2caa8
2 > Accept-Encoding: gzip,deflate
2 > Connection: Keep-Alive
2 > Host: localhost:52245
2 > User-Agent: Apache-HttpClient/4.5.5 (Java/1.8.0_181)

11:05:17.428 response time in milliseconds: 14.62
2 < 200
2 < Access-Control-Allow-Origin: *
2 < Content-Type: application/json
{"name":"Billie","id":"4f947549-d254-4c5d-9a92-2d26d7a2caa8"}

11:05:17.431 request:
3 > GET http://localhost:52245/cats
3 > Accept-Encoding: gzip,deflate
3 > Connection: Keep-Alive
3 > Host: localhost:52245
3 > User-Agent: Apache-HttpClient/4.5.5 (Java/1.8.0_181)

11:05:17.439 response time in milliseconds: 7.60
3 < 200
3 < Access-Control-Allow-Origin: *
3 < Content-Type: application/json
[{"name":"Billie","id":"4f947549-d254-4c5d-9a92-2d26d7a2caa8"}]

11:05:17.441 request:
4 > POST http://localhost:52245/cats
4 > Accept-Encoding: gzip,deflate
4 > Connection: Keep-Alive
4 > Content-Length: 14
4 > Content-Type: application/json; charset=UTF-8
4 > Host: localhost:52245
4 > User-Agent: Apache-HttpClient/4.5.5 (Java/1.8.0_181)
{"name":"Bob"}

11:05:17.449 response time in milliseconds: 7.61
4 < 200
4 < Access-Control-Allow-Origin: *
4 < Content-Type: application/json
{"name":"Bob","id":"ba782f45-4e9f-47e9-8f8e-12161824ac44"}

11:05:17.452 request:
5 > GET http://localhost:52245/cats/ba782f45-4e9f-47e9-8f8e-12161824ac44
5 > Accept-Encoding: gzip,deflate
5 > Connection: Keep-Alive
5 > Host: localhost:52245
5 > User-Agent: Apache-HttpClient/4.5.5 (Java/1.8.0_181)

11:05:17.462 response time in milliseconds: 10.07
5 < 200
5 < Access-Control-Allow-Origin: *
5 < Content-Type: application/json
{"name":"Bob","id":"ba782f45-4e9f-47e9-8f8e-12161824ac44"}

11:05:17.464 request:
6 > GET http://localhost:52245/cats
6 > Accept-Encoding: gzip,deflate
6 > Connection: Keep-Alive
6 > Host: localhost:52245
6 > User-Agent: Apache-HttpClient/4.5.5 (Java/1.8.0_181)

11:05:17.475 response time in milliseconds: 10.32
6 < 200
6 < Access-Control-Allow-Origin: *
6 < Content-Type: application/json
[{"name":"Billie","id":"4f947549-d254-4c5d-9a92-2d26d7a2caa8"},{"name":"Bob","id":"ba782f45-4e9f-47e9-8f8e-12161824ac44"}]

