11:05:17.772 request:
1 > POST http://127.0.0.1:52252/cats
1 > Accept-Encoding: gzip,deflate
1 > Connection: Keep-Alive
1 > Content-Length: 14
1 > Content-Type: application/json; charset=UTF-8
1 > Host: 127.0.0.1:52252
1 > User-Agent: Apache-HttpClient/4.5.5 (Java/1.8.0_181)
{"name":"Bob"}

11:05:17.782 response time in milliseconds: 10.09
1 < 200
1 < Cache-Control: no-cache, no-store, max-age=0, must-revalidate
1 < Content-Type: application/json;charset=UTF-8
1 < Date: Tue, 09 Apr 2019 14:05:17 GMT
1 < Expires: 0
1 < Pragma: no-cache
1 < Transfer-Encoding: chunked
1 < X-Content-Type-Options: nosniff
1 < X-Frame-Options: DENY
1 < X-XSS-Protection: 1; mode=block
{"id":62,"name":"Bob"}

11:05:17.787 [print] bob: {
  "id": 62,
  "name": "Bob"
}

11:05:17.789 request:
2 > POST http://127.0.0.1:52252/cats
2 > Accept-Encoding: gzip,deflate
2 > Connection: Keep-Alive
2 > Content-Length: 15
2 > Content-Type: application/json; charset=UTF-8
2 > Host: 127.0.0.1:52252
2 > User-Agent: Apache-HttpClient/4.5.5 (Java/1.8.0_181)
{"name":"Wild"}

11:05:17.800 response time in milliseconds: 9.65
2 < 200
2 < Cache-Control: no-cache, no-store, max-age=0, must-revalidate
2 < Content-Type: application/json;charset=UTF-8
2 < Date: Tue, 09 Apr 2019 14:05:17 GMT
2 < Expires: 0
2 < Pragma: no-cache
2 < Transfer-Encoding: chunked
2 < X-Content-Type-Options: nosniff
2 < X-Frame-Options: DENY
2 < X-XSS-Protection: 1; mode=block
{"id":63,"name":"Wild"}

11:05:17.805 [print] wild: {
  "id": 63,
  "name": "Wild"
}

11:05:17.814 request:
3 > POST http://127.0.0.1:52252/cats
3 > Accept-Encoding: gzip,deflate
3 > Connection: Keep-Alive
3 > Content-Length: 76
3 > Content-Type: application/json; charset=UTF-8
3 > Host: 127.0.0.1:52252
3 > User-Agent: Apache-HttpClient/4.5.5 (Java/1.8.0_181)
{"name":"Billie","kittens":[{"id":62,"name":"Bob"},{"id":63,"name":"Wild"}]}

11:05:17.828 response time in milliseconds: 10.70
3 < 200
3 < Cache-Control: no-cache, no-store, max-age=0, must-revalidate
3 < Content-Type: application/json;charset=UTF-8
3 < Date: Tue, 09 Apr 2019 14:05:17 GMT
3 < Expires: 0
3 < Pragma: no-cache
3 < Transfer-Encoding: chunked
3 < X-Content-Type-Options: nosniff
3 < X-Frame-Options: DENY
3 < X-XSS-Protection: 1; mode=block
{"id":64,"name":"Billie","kittens":[{"id":62,"name":"Bob"},{"id":63,"name":"Wild"}]}

11:05:17.844 request:
4 > GET http://127.0.0.1:52252/cats/64/kittens
4 > Accept-Encoding: gzip,deflate
4 > Connection: Keep-Alive
4 > Host: 127.0.0.1:52252
4 > User-Agent: Apache-HttpClient/4.5.5 (Java/1.8.0_181)

11:05:17.855 response time in milliseconds: 10.57
4 < 200
4 < Cache-Control: no-cache, no-store, max-age=0, must-revalidate
4 < Content-Type: application/json;charset=UTF-8
4 < Date: Tue, 09 Apr 2019 14:05:17 GMT
4 < Expires: 0
4 < Pragma: no-cache
4 < Transfer-Encoding: chunked
4 < X-Content-Type-Options: nosniff
4 < X-Frame-Options: DENY
4 < X-XSS-Protection: 1; mode=block
[{"id":62,"name":"Bob"},{"id":63,"name":"Wild"}]

